<?xml version="1.0" encoding="UTF-8"?>
<!-- Generated by org.testng.reporters.JUnitReportReporter -->
<testsuite ignored="0" hostname="shahid" failures="0" tests="1" name="org.testing.testScripts.TC3_getParticularMethod" time="0.248" errors="0" timestamp="28 Aug 2025 13:49:30 GMT" skipped="0">
  <testcase classname="org.testing.testScripts.TC3_getParticularMethod" name="testcase3" time="0.248"/>
</testsuite> <!-- org.testing.testScripts.TC3_getParticularMethod -->
