<?xml version="1.0" encoding="UTF-8"?>
<!-- Generated by org.testng.reporters.JUnitReportReporter -->
<testsuite ignored="0" hostname="shahid" failures="0" tests="1" name="org.testing.testScripts.TC2_GetAllMethod" time="1.126" errors="0" timestamp="29 Aug 2025 11:34:36 GMT" skipped="0">
  <testcase classname="org.testing.testScripts.TC2_GetAllMethod" name="testCase2" time="1.126"/>
</testsuite> <!-- org.testing.testScripts.TC2_GetAllMethod -->
